{"/home/pall/Documents/CodePlus/My Site/Jest/TEST/testFn.js": {"path":"/home/pall/Documents/CodePlus/My Site/Jest/TEST/testFn.js","statementMap":{"0":{"start":{"line":2,"column":10},"end":{"line":2,"column":11}},"1":{"start":{"line":3,"column":10},"end":{"line":3,"column":11}},"2":{"start":{"line":4,"column":17},"end":{"line":4,"column":22}},"3":{"start":{"line":6,"column":2},"end":{"line":6,"column":15}},"4":{"start":{"line":10,"column":10},"end":{"line":10,"column":11}},"5":{"start":{"line":11,"column":10},"end":{"line":11,"column":11}},"6":{"start":{"line":12,"column":17},"end":{"line":12,"column":22}},"7":{"start":{"line":14,"column":2},"end":{"line":14,"column":15}},"8":{"start":{"line":17,"column":0},"end":{"line":20,"column":1}}},"fnMap":{"0":{"name":"myFn1","decl":{"start":{"line":1,"column":9},"end":{"line":1,"column":14}},"loc":{"start":{"line":1,"column":16},"end":{"line":7,"column":1}},"line":1},"1":{"name":"myFn2","decl":{"start":{"line":9,"column":9},"end":{"line":9,"column":14}},"loc":{"start":{"line":9,"column":16},"end":{"line":15,"column":1}},"line":9}},"branchMap":{},"s":{"0":1,"1":1,"2":1,"3":1,"4":1,"5":1,"6":1,"7":1,"8":1},"f":{"0":1,"1":1},"b":{},"_coverageSchema":"1a1c01bbd47fc00a2c39e90264f33305004495a9","hash":"c8d4c08d90dc9fe76c89a92d923936c66506fb48"}
}
